This is pdfTeX, Version 3.141592653-2.6-1.40.25 (TeX Live 2023/Debian) (preloaded format=pdflatex)
 restricted \write18 enabled.
entering extended mode
(./main.tex
LaTeX2e <2023-11-01> patch level 1
L3 programming layer <2024-01-22>
(/usr/share/texlive/texmf-dist/tex/latex/base/article.cls
Document Class: article 2023/05/17 v1.4n Standard LaTeX document class
(/usr/share/texlive/texmf-dist/tex/latex/base/size10.clo))
(/usr/share/texlive/texmf-dist/tex/latex/booktabs/booktabs.sty)
(/usr/share/texlive/texmf-dist/tex/latex/multirow/multirow.sty)
(/usr/share/texlive/texmf-dist/tex/latex/amsmath/amsmath.sty
For additional information on amsmath, use the `?' option.
(/usr/share/texlive/texmf-dist/tex/latex/amsmath/amstext.sty
(/usr/share/texlive/texmf-dist/tex/latex/amsmath/amsgen.sty))
(/usr/share/texlive/texmf-dist/tex/latex/amsmath/amsbsy.sty)
(/usr/share/texlive/texmf-dist/tex/latex/amsmath/amsopn.sty))
(/usr/share/texlive/texmf-dist/tex/latex/hyperref/hyperref.sty
(/usr/share/texlive/texmf-dist/tex/generic/iftex/iftex.sty)
(/usr/share/texlive/texmf-dist/tex/latex/graphics/keyval.sty)
(/usr/share/texlive/texmf-dist/tex/latex/kvsetkeys/kvsetkeys.sty)
(/usr/share/texlive/texmf-dist/tex/generic/kvdefinekeys/kvdefinekeys.sty)
(/usr/share/texlive/texmf-dist/tex/generic/pdfescape/pdfescape.sty
(/usr/share/texlive/texmf-dist/tex/generic/ltxcmds/ltxcmds.sty)
(/usr/share/texlive/texmf-dist/tex/generic/pdftexcmds/pdftexcmds.sty
(/usr/share/texlive/texmf-dist/tex/generic/infwarerr/infwarerr.sty)))
(/usr/share/texlive/texmf-dist/tex/latex/hycolor/hycolor.sty)
(/usr/share/texlive/texmf-dist/tex/latex/auxhook/auxhook.sty)
(/usr/share/texlive/texmf-dist/tex/latex/hyperref/nameref.sty
(/usr/share/texlive/texmf-dist/tex/latex/refcount/refcount.sty)
(/usr/share/texlive/texmf-dist/tex/generic/gettitlestring/gettitlestring.sty
(/usr/share/texlive/texmf-dist/tex/latex/kvoptions/kvoptions.sty)))
(/usr/share/texlive/texmf-dist/tex/latex/etoolbox/etoolbox.sty)
(/usr/share/texlive/texmf-dist/tex/latex/hyperref/pd1enc.def)
(/usr/share/texlive/texmf-dist/tex/generic/intcalc/intcalc.sty)
(/usr/share/texlive/texmf-dist/tex/latex/hyperref/puenc.def)
(/usr/share/texlive/texmf-dist/tex/latex/url/url.sty)
(/usr/share/texlive/texmf-dist/tex/generic/bitset/bitset.sty
(/usr/share/texlive/texmf-dist/tex/generic/bigintcalc/bigintcalc.sty))
(/usr/share/texlive/texmf-dist/tex/latex/base/atbegshi-ltx.sty))
(/usr/share/texlive/texmf-dist/tex/latex/hyperref/hpdftex.def
(/usr/share/texlive/texmf-dist/tex/latex/base/atveryend-ltx.sty)
(/usr/share/texlive/texmf-dist/tex/latex/rerunfilecheck/rerunfilecheck.sty
(/usr/share/texlive/texmf-dist/tex/generic/uniquecounter/uniquecounter.sty)))
(/usr/share/texlive/texmf-dist/tex/latex/overpic/overpic.sty
(/usr/share/texlive/texmf-dist/tex/latex/graphics/graphicx.sty
(/usr/share/texlive/texmf-dist/tex/latex/graphics/graphics.sty
(/usr/share/texlive/texmf-dist/tex/latex/graphics/trig.sty)
(/usr/share/texlive/texmf-dist/tex/latex/graphics-cfg/graphics.cfg)
(/usr/share/texlive/texmf-dist/tex/latex/graphics-def/pdftex.def)))
(/usr/share/texlive/texmf-dist/tex/latex/eepic/epic.sty
Enhancements to Picture Environment. Version 1.2 - Released June 1, 1986
)) (/usr/share/texlive/texmf-dist/tex/latex/amsfonts/amssymb.sty
(/usr/share/texlive/texmf-dist/tex/latex/amsfonts/amsfonts.sty))
(/usr/share/texlive/texmf-dist/tex/latex/caption/subcaption.sty
(/usr/share/texlive/texmf-dist/tex/latex/caption/caption.sty
(/usr/share/texlive/texmf-dist/tex/latex/caption/caption3.sty)))
(/usr/share/texlive/texmf-dist/tex/latex/tools/tabularx.sty
(/usr/share/texlive/texmf-dist/tex/latex/tools/array.sty))
(./my_declarations.tex) (./dlai2025.sty
(/usr/share/texlive/texmf-dist/tex/latex/psnfss/times.sty) (./fancyhdr.sty)
(/usr/share/texlive/texmf-dist/tex/latex/graphics/color.sty
(/usr/share/texlive/texmf-dist/tex/latex/graphics-cfg/color.cfg)
(/usr/share/texlive/texmf-dist/tex/latex/graphics/mathcolor.ltx))
(/usr/share/texlive/texmf-dist/tex/latex/algorithms/algorithm.sty
(/usr/share/texlive/texmf-dist/tex/latex/float/float.sty)
(/usr/share/texlive/texmf-dist/tex/latex/base/ifthen.sty))
(/usr/share/texlive/texmf-dist/tex/latex/algorithms/algorithmic.sty)
(/usr/share/texlive/texmf-dist/tex/latex/natbib/natbib.sty)
(/usr/share/texlive/texmf-dist/tex/latex/eso-pic/eso-pic.sty)
(/usr/share/texlive/texmf-dist/tex/latex/forloop/forloop.sty))
(/usr/share/texlive/texmf-dist/tex/latex/psnfss/ot1ptm.fd)
(/usr/share/texlive/texmf-dist/tex/latex/l3backend/l3backend-pdftex.def)
(./main.aux

LaTeX Warning: Label `eq:wmsa_out' multiply defined.


LaTeX Warning: Label `eq:head_decomp' multiply defined.


LaTeX Warning: Label `eq:aggregation' multiply defined.

) (./main.out) (./main.out)
(/usr/share/texlive/texmf-dist/tex/context/base/mkii/supp-pdf.mkii
[Loading MPS to PDF converter (version 2006.09.02).]
) (/usr/share/texlive/texmf-dist/tex/latex/epstopdf-pkg/epstopdf-base.sty
(/usr/share/texlive/texmf-dist/tex/latex/grfext/grfext.sty)
(/usr/share/texlive/texmf-dist/tex/latex/latexconfig/epstopdf-sys.cfg))
(/usr/share/texlive/texmf-dist/tex/latex/amsfonts/umsa.fd)
(/usr/share/texlive/texmf-dist/tex/latex/amsfonts/umsb.fd)

Package hyperref Warning: Ignoring empty anchor on input line 39.

(/usr/share/texlive/texmf-dist/tex/latex/psnfss/omlptm.fd)
Underfull \hbox (badness 10000) in paragraph at lines 39--39
[][][]|  \OT1/ptm/m/n/9 Email: Lorenzo Ar-cioni \OML/cmm/m/it/9 <\OT1/ptm/m/n/9
 ar-
(./sections/Introduction.tex) (./sections/Related Works.tex
Underfull \hbox (badness 1210) in paragraph at lines 4--5
\OT1/ptm/m/n/10 former lay-ers has gained at-ten-tion with the ResiD-ual

Underfull \hbox (badness 10000) in paragraph at lines 7--8
 \OT1/ptm/b/n/10 Au-dio{Text Mod-els and CLAP. \OT1/ptm/m/n/10 Con-trastive Au-


Underfull \hbox (badness 1082) in paragraph at lines 7--8
\OT1/ptm/m/n/10 and purely attention-based model for au-dio clas-si-fi-ca-

Underfull \hbox (badness 1205) in paragraph at lines 7--8
\OT1/ptm/m/n/10 tion ([][]Gong et al.[][], [][]2021[][]), CLAP lever-ages large
-scale
[1{/var/lib/texmf/fonts/map/pdftex/updmap/pdftex.map}{/usr/share/texlive/texmf-
dist/fonts/enc/dvips/base/8r.enc}]) (./sections/Method.tex

Package natbib Warning: Citation `chen2022hts' on page 2 undefined on input lin
e 19.


Package natbib Warning: Citation `elizalde2023clap' on page 2 undefined on inpu
t line 20.


Underfull \hbox (badness 2158) in paragraph at lines 19--27
[]\OT1/ptm/m/n/10 We anal-yse the HTS-AT au-dio en-coder (\OT1/ptm/b/n/10 ?\OT1
/ptm/m/n/10 ) in-side

Package natbib Warning: Citation `wang2019' on page 2 undefined on input line 3
1.


Package natbib Warning: Citation `gandelsman2024' on page 2 undefined on input 
line 48.


Overfull \hbox (11.44519pt too wide) detected at line 62
[][][]\OT1/cmr/bx/n/10 H[] \OT1/cmr/m/n/10 = []  [] \OT1/cmr/bx/n/10 V[]  \OMS/
cmsy/m/n/10 2  \U/msb/m/n/10 R[]\OML/cmm/m/it/10 ;

Underfull \vbox (badness 3312) has occurred while \output is active
Underfull \hbox (badness 1902) in paragraph at lines 68--71
[]\OT1/ptm/m/n/10 All $\OML/cmm/m/it/10 H[]$ \OT1/ptm/m/n/10 head out-puts are 
con-cate-nated and pro-jected

Package natbib Warning: Citation `dosovitskiy2020vit' on page 2 undefined on in
put line 100.

[2] (/usr/share/texlive/texmf-dist/tex/latex/psnfss/ot1pcr.fd)
Underfull \hbox (badness 1742) in paragraph at lines 147--157
\OT1/ptm/m/n/10 i-fy-ing the model, we reg-is-ter for-ward hooks on the
(/usr/share/texlive/texmf-dist/tex/latex/psnfss/ts1ptm.fd)

Package natbib Warning: Citation `romani2018tinysol' on page 3 undefined on inp
ut line 163.


Package natbib Warning: Citation `gong2022vocalsound' on page 3 undefined on in
put line 165.


Package natbib Warning: Citation `facco2017twonearest' on page 3 undefined on i
nput line 222.


Package natbib Warning: Citation `levina2005mle' on page 3 undefined on input l
ine 230.

[3]) (./sections/Results.tex
Underfull \hbox (badness 10000) in paragraph at lines 33--34
\OT1/ptm/m/n/10 0 ex-hibits strong first-component dom-i-nance

Underfull \hbox (badness 1728) in paragraph at lines 33--34
\OT1/ptm/m/n/10 (EVR(PC1) = 79.1%), in-di-cat-ing that early rep-

Overfull \hbox (9.03374pt too wide) in paragraph at lines 57--58
 [][] 

LaTeX Warning: `!h' float specifier changed to `!ht'.


Underfull \hbox (badness 1609) in paragraph at lines 63--64
 \OT1/ptm/b/n/10 Linear-Nonlinear Gap as In-ter-ven-tion Sig-nal. \OT1/ptm/m/n/
10 The

Underfull \hbox (badness 1931) in paragraph at lines 63--64
\OT1/ptm/m/n/10 L/N ra-tio evo-lu-tion pro-vides a roadmap for tar-geted
[4{/usr/share/texmf/fonts/enc/dvips/cm-super/cm-super-ts1.enc}]
Underfull \vbox (badness 10000) has occurred while \output is active
Underfull \hbox (badness 1097) in paragraph at lines 72--73
 \OT1/ptm/b/n/10 Im-pli-ca-tions for ResiD-ual Reweight-ing. \OT1/ptm/m/n/10 Th
e block-

Underfull \hbox (badness 3049) in paragraph at lines 88--88
[][]\OT1/ptm/m/n/9 Cross-dataset com-par-i-son of di-men-sion-al-ity met-rics

LaTeX Warning: `h' float specifier changed to `ht'.


Underfull \hbox (badness 1515) in paragraph at lines 103--104
[]\OT1/ptm/m/n/10 The con-sis-tency of di-men-sion-al-ity pat-terns across di-
[5 <./images/htsat_block_metrics.png>]

LaTeX Warning: `!h' float specifier changed to `!ht'.


Underfull \hbox (badness 1577) in paragraph at lines 163--164
\OT1/ptm/m/n/10 re-flect-ing a pro-gres-sive re-dis-tri-bu-tion of vari-ance

Underfull \hbox (badness 1024) in paragraph at lines 166--167
\OT1/ptm/m/n/10 and be-comes more uni-formly dis-tributed across at-ten-

LaTeX Warning: `!h' float specifier changed to `!ht'.


LaTeX Warning: `!h' float specifier changed to `!ht'.

[6]
Underfull \vbox (badness 10000) has occurred while \output is active

LaTeX Warning: `!h' float specifier changed to `!ht'.


Underfull \hbox (badness 1888) in paragraph at lines 208--209
\OT1/ptm/m/n/10 op-er-at-ing in the lowest-entropy, lowest-dimensionality

Underfull \vbox (badness 10000) has occurred while \output is active [7 <./imag
es/panel_A_pca_components.png> <./images/panel_B_twonn.png> <./images/panel_C_m
le.png> <./images/panel_D_participation_ratio.png> <./images/panel_E_effective_
rank.png> <./images/panel_F_pc1_dominance.png>]
Underfull \hbox (badness 2846) in paragraph at lines 220--221
[]\OT1/ptm/b/n/10 Component Re-ten-tion\OT1/ptm/m/n/10 : For L2-L3 heads with
[8 <./images/spectral_fingerprinting.png> <./images/head_similarity_matrix.png>
 <./images/task_importance_analysis.png>]) (./sections/Conclusions.tex
Underfull \hbox (badness 1077) in paragraph at lines 11--12
\OT1/ptm/m/n/10 (L3), quan-ti-fy-ing the tran-si-tion from highly con-

Underfull \hbox (badness 1552) in paragraph at lines 11--12
\OT1/ptm/m/n/10 strained early rep-re-sen-ta-tions to dis-tributed high-

Underfull \hbox (badness 2961) in paragraph at lines 13--14
[]\OT1/ptm/b/n/10 Nonlinear Man-i-fold Emer-gence\OT1/ptm/m/n/10 : The grow-ing


Underfull \hbox (badness 1997) in paragraph at lines 13--14
\OT1/ptm/m/n/10 dis-crep-ancy be-tween lin-ear (PCA) and non-lin-ear

Underfull \hbox (badness 1383) in paragraph at lines 13--14
\OT1/ptm/m/n/10 (TwoNN) di-men-sion-al-ity es-ti-mates (ra-tio 1.34 \TS1/cmr/m/
n/10 ^^Y

Underfull \hbox (badness 3302) in paragraph at lines 26--27
 \OT1/ptm/b/n/10 Efficiency-Performance Trade-offs. \OT1/ptm/m/n/10 The mod-est
 di-

Underfull \hbox (badness 2564) in paragraph at lines 34--35
[]\OT1/ptm/b/n/10 Static Anal-y-sis\OT1/ptm/m/n/10 : Our in-ves-ti-ga-tion char
-ac-ter-izes

Underfull \hbox (badness 1789) in paragraph at lines 36--37
\OT1/ptm/m/n/10 find-ings are ar-chi-tec-tural uni-ver-sals vs. model-
[9]
Underfull \hbox (badness 3179) in paragraph at lines 47--48
[]\OT1/ptm/b/n/10 Contrastive Learn-ing Anal-y-sis\OT1/ptm/m/n/10 : Ex-am-ine h
ow

Underfull \hbox (badness 10000) in paragraph at lines 54--54
[][][][][]$\OT1/pcr/m/n/9 https : / / github . com / [ANONYMOUS ]
) (./main.bbl
Underfull \hbox (badness 1005) in paragraph at lines 56--63
\OT1/ptm/m/n/10 Clas-si-fi-ca-tion.  In \OT1/ptm/m/it/10 Pro-ceed-ings of the 2
3rd An-nual
[10]) (./sections/Appendix.tex

Package natbib Warning: Citation `elizalde2023clap' on page 11 undefined on inp
ut line 25.


Package natbib Warning: Citation `chen2022hts' on page 11 undefined on input li
ne 28.


Package natbib Warning: Citation `radford2019gpt2' on page 11 undefined on inpu
t line 29.


LaTeX Warning: `h' float specifier changed to `ht'.


Package natbib Warning: Citation `chen2022hts' on page 11 undefined on input li
ne 69.


LaTeX Warning: `h' float specifier changed to `ht'.

[11]
Overfull \hbox (9.7069pt too wide) detected at line 188
[][][][]\OT1/cmr/m/n/10 (\OT1/cmr/bx/n/10 Z[]\OT1/cmr/m/n/10 ) \OML/cmm/m/it/10
 W[]  []  \OT1/cmr/bx/n/10 Q\OML/cmm/m/it/10 ;  \OT1/cmr/bx/n/10 K\OML/cmm/m/it
/10 ;  \OT1/cmr/bx/n/10 V  \OMS/cmsy/m/n/10 2  \U/msb/m/n/10 R[]\OML/cmm/m/it/1
0 :

Overfull \hbox (9.77856pt too wide) detected at line 203
[][][]\OT1/cmr/bx/n/10 H[] \OT1/cmr/m/n/10 = []  [] \OT1/cmr/bx/n/10 V[]  \OMS/
cmsy/m/n/10 2  \U/msb/m/n/10 R[]\OML/cmm/m/it/10 ;

Underfull \vbox (badness 10000) has occurred while \output is active
Underfull \hbox (badness 2065) in paragraph at lines 212--216
\OT1/ptm/m/n/10 through the block-specific out-put pro-jec-tion $\OML/cmm/m/it/
10 W[] \OMS/cmsy/m/n/10 2

Underfull \hbox (badness 1675) in paragraph at lines 222--226
\OT1/ptm/m/n/10 a com-plete step-by-step ac-count of all ten-sor shapes

Underfull \hbox (badness 10000) in paragraph at lines 222--226
\OT1/ptm/m/n/10 across ev-ery stage, see [][]$\OT1/pcr/m/n/10 https : / / githu
b . com /

Underfull \hbox (badness 10000) in paragraph at lines 222--226
\OT1/pcr/m/n/10 lorenzo-[]arcioni / ResiDual-[]CLAP / blob /
[12 <./images/htsat_architecture.png>]

LaTeX Warning: `h' float specifier changed to `ht'.


Underfull \hbox (badness 7685) in paragraph at lines 385--388
[]\OT1/ptm/b/n/10 Cross-stage com-pa-ra-bil-ity with-out pro-jec-tion.

Overfull \hbox (110.04869pt too wide) in paragraph at lines 399--412
 [][] 

LaTeX Warning: `h' float specifier changed to `ht'.

[13]
Underfull \hbox (badness 1259) in paragraph at lines 445--450
[]\OT1/ptm/m/n/10 A head with low in-trin-sic di-men-sion-al-ity in the pre-

Underfull \vbox (badness 1033) has occurred while \output is active
Underfull \hbox (badness 2012) in paragraph at lines 451--455
\OT1/ptm/m/n/10 ing \OT1/ptm/m/it/10 in-di-vid-ual head spe-cial-i-sa-tion \OT1
/ptm/m/n/10 in iso-la-tion; post-
[14]
Underfull \hbox (badness 2837) in paragraph at lines 475--476
[]\OT1/ptm/b/n/10 Stage 1 (Blocks 0--1)\OT1/ptm/m/n/10 : High spa-tial res-o-lu
-tion

Underfull \hbox (badness 1377) in paragraph at lines 477--478
\OT1/ptm/m/n/10 en-ables it-er-a-tive re-fine-ment at fixed spa-tial scale

Underfull \hbox (badness 10000) in paragraph at lines 483--483
[][]\OT1/ptm/m/n/9 Block-wise ag-gre-gated di-men-sion-al-ity met-rics for

Overfull \hbox (10.9291pt too wide) in paragraph at lines 524--534
 [][] 

Underfull \hbox (badness 5637) in paragraph at lines 538--538
[][]\OT1/ptm/m/n/9 Layer-wise di-men-sion-al-ity met-rics for Vo-cal-Sound

Overfull \hbox (10.9291pt too wide) in paragraph at lines 541--551
 [][] 
[15]

LaTeX Warning: File `panel_E_pc1_dominance.png' not found on input line 621.


./sections/Appendix.tex:621: Package pdftex.def Error: File `panel_E_pc1_domina
nce.png' not found: using draft setting.

See the pdftex.def package documentation for explanation.
Type  H <return>  for immediate help.
 ...                                              
                                                  
l.621 ...48\textwidth]{panel_E_pc1_dominance.png}}
                                                  

LaTeX Warning: File `panel_F_boxplot.png' not found on input line 623.


./sections/Appendix.tex:623: Package pdftex.def Error: File `panel_F_boxplot.pn
g' not found: using draft setting.

See the pdftex.def package documentation for explanation.
Type  H <return>  for immediate help.
 ...                                              
                                                  
l.623 ...dth=0.48\textwidth]{panel_F_boxplot.png}}
                                                  

Underfull \hbox (badness 10000) in paragraph at lines 639--640
[]\OT1/ptm/m/n/10 Outliers (marked as in-di-vid-ual points be-yond

Underfull \hbox (badness 1389) in paragraph at lines 648--649
[]\OT1/ptm/b/n/10 Head Ex-trac-tion\OT1/ptm/m/n/10 : For-ward hooks reg-is-tere
d via

Overfull \hbox (4.82254pt too wide) in paragraph at lines 648--649
\OT1/pcr/m/n/10 torch.nn.Module.register[]forward[]hook\OT1/ptm/m/n/10 .

Underfull \hbox (badness 10000) in paragraph at lines 649--650
[]\OT1/ptm/b/n/10 PCA\OT1/ptm/m/n/10 : Com-puted via

Underfull \hbox (badness 10000) in paragraph at lines 649--650
\OT1/pcr/m/n/10 sklearn.decomposition.PCA \OT1/ptm/m/n/10 with full

Underfull \hbox (badness 2799) in paragraph at lines 650--651
[]\OT1/ptm/b/n/10 TwoNN\OT1/ptm/m/n/10 : Im-ple-mented us-ing \OT1/pcr/m/n/10 s
kdim.id.TwoNN

Underfull \hbox (badness 10000) in paragraph at lines 652--653
[]\OT1/ptm/b/n/10 Statistical Tests\OT1/ptm/m/n/10 : \OT1/pcr/m/n/10 scipy.stat
s \OT1/ptm/m/n/10 func-tions

Underfull \hbox (badness 10000) in paragraph at lines 652--653
\OT1/ptm/m/n/10 (\OT1/pcr/m/n/10 f[]oneway\OT1/ptm/m/n/10 , \OT1/pcr/m/n/10 tte
st[]ind\OT1/ptm/m/n/10 , \OT1/pcr/m/n/10 spearmanr\OT1/ptm/m/n/10 ) with

Underfull \hbox (badness 8000) in paragraph at lines 655--656
\OT1/ptm/m/n/10 sam-ples \TS1/ptm/m/n/10 Ö \OT1/ptm/m/n/10 184 heads). Anal-y-s
is pipeline code

Underfull \hbox (badness 1270) in paragraph at lines 655--656
\OT1/ptm/m/n/10 avail-able at [][]$\OT1/pcr/m/n/10 https : / / github . com / [
ANONYMOUS ]

Underfull \hbox (badness 10000) in paragraph at lines 666--667
[]\OT1/ptm/m/n/10 Stratified sam-pling:

Overfull \hbox (58.72253pt too wide) in paragraph at lines 666--667
\OT1/pcr/m/n/10 sklearn.model[]selection.StratifiedShuffleSplit
[16])

Package natbib Warning: There were undefined citations.

[17] (./main.aux)

LaTeX Warning: There were multiply-defined labels.

 )
(see the transcript file for additional information)</usr/share/texlive/texmf-d
ist/fonts/type1/public/amsfonts/cm/cmbx10.pfb></usr/share/texlive/texmf-dist/fo
nts/type1/public/amsfonts/cm/cmbx7.pfb></usr/share/texlive/texmf-dist/fonts/typ
e1/public/amsfonts/cm/cmex10.pfb></usr/share/texlive/texmf-dist/fonts/type1/pub
lic/amsfonts/cm/cmmi10.pfb></usr/share/texlive/texmf-dist/fonts/type1/public/am
sfonts/cm/cmmi5.pfb></usr/share/texlive/texmf-dist/fonts/type1/public/amsfonts/
cm/cmmi6.pfb></usr/share/texlive/texmf-dist/fonts/type1/public/amsfonts/cm/cmmi
7.pfb></usr/share/texlive/texmf-dist/fonts/type1/public/amsfonts/cm/cmmi9.pfb><
/usr/share/texlive/texmf-dist/fonts/type1/public/amsfonts/cm/cmr10.pfb></usr/sh
are/texlive/texmf-dist/fonts/type1/public/amsfonts/cm/cmr5.pfb></usr/share/texl
ive/texmf-dist/fonts/type1/public/amsfonts/cm/cmr6.pfb></usr/share/texlive/texm
f-dist/fonts/type1/public/amsfonts/cm/cmr7.pfb></usr/share/texlive/texmf-dist/f
onts/type1/public/amsfonts/cm/cmr9.pfb></usr/share/texlive/texmf-dist/fonts/typ
e1/public/amsfonts/cm/cmsy10.pfb></usr/share/texlive/texmf-dist/fonts/type1/pub
lic/amsfonts/cm/cmsy5.pfb></usr/share/texlive/texmf-dist/fonts/type1/public/ams
fonts/cm/cmsy6.pfb></usr/share/texlive/texmf-dist/fonts/type1/public/amsfonts/c
m/cmsy7.pfb></usr/share/texlive/texmf-dist/fonts/type1/public/amsfonts/cm/cmsy9
.pfb></usr/share/texlive/texmf-dist/fonts/type1/public/amsfonts/symbols/msbm10.
pfb></usr/share/texmf/fonts/type1/public/cm-super/sfrm1000.pfb></usr/share/texm
f/fonts/type1/public/cm-super/sfti1000.pfb></usr/share/texlive/texmf-dist/fonts
/type1/urw/courier/ucrr8a.pfb></usr/share/texlive/texmf-dist/fonts/type1/urw/ti
mes/utmb8a.pfb></usr/share/texlive/texmf-dist/fonts/type1/urw/times/utmr8a.pfb>
</usr/share/texlive/texmf-dist/fonts/type1/urw/times/utmr8a.pfb></usr/share/tex
live/texmf-dist/fonts/type1/urw/times/utmri8a.pfb>
Output written on main.pdf (17 pages, 2743549 bytes).
Transcript written on main.log.
