This is pdfTeX, Version 3.141592653-2.6-1.40.25 (TeX Live 2023/Debian) (preloaded format=pdflatex 2024.8.27)  29 APR 2026 17:11
entering extended mode
 restricted \write18 enabled.
 file:line:error style messages enabled.
 %&-line parsing enabled.
**main.tex
(./main.tex
LaTeX2e <2023-11-01> patch level 1
L3 programming layer <2024-01-22>
(/usr/share/texlive/texmf-dist/tex/latex/base/article.cls
Document Class: article 2023/05/17 v1.4n Standard LaTeX document class
(/usr/share/texlive/texmf-dist/tex/latex/base/size10.clo
File: size10.clo 2023/05/17 v1.4n Standard LaTeX file (size option)
)
\c@part=\count187
\c@section=\count188
\c@subsection=\count189
\c@subsubsection=\count190
\c@paragraph=\count191
\c@subparagraph=\count192
\c@figure=\count193
\c@table=\count194
\abovecaptionskip=\skip48
\belowcaptionskip=\skip49
\bibindent=\dimen140
)
(/usr/share/texlive/texmf-dist/tex/latex/booktabs/booktabs.sty
Package: booktabs 2020/01/12 v1.61803398 Publication quality tables
\heavyrulewidth=\dimen141
\lightrulewidth=\dimen142
\cmidrulewidth=\dimen143
\belowrulesep=\dimen144
\belowbottomsep=\dimen145
\aboverulesep=\dimen146
\abovetopsep=\dimen147
\cmidrulesep=\dimen148
\cmidrulekern=\dimen149
\defaultaddspace=\dimen150
\@cmidla=\count195
\@cmidlb=\count196
\@aboverulesep=\dimen151
\@belowrulesep=\dimen152
\@thisruleclass=\count197
\@lastruleclass=\count198
\@thisrulewidth=\dimen153
)
(/usr/share/texlive/texmf-dist/tex/latex/multirow/multirow.sty
Package: multirow 2021/03/15 v2.8 Span multiple rows of a table
\multirow@colwidth=\skip50
\multirow@cntb=\count199
\multirow@dima=\skip51
\bigstrutjot=\dimen154
)
(/usr/share/texlive/texmf-dist/tex/latex/amsmath/amsmath.sty
Package: amsmath 2023/05/13 v2.17o AMS math features
\@mathmargin=\skip52

For additional information on amsmath, use the `?' option.
(/usr/share/texlive/texmf-dist/tex/latex/amsmath/amstext.sty
Package: amstext 2021/08/26 v2.01 AMS text

(/usr/share/texlive/texmf-dist/tex/latex/amsmath/amsgen.sty
File: amsgen.sty 1999/11/30 v2.0 generic functions
\@emptytoks=\toks17
\ex@=\dimen155
))
(/usr/share/texlive/texmf-dist/tex/latex/amsmath/amsbsy.sty
Package: amsbsy 1999/11/29 v1.2d Bold Symbols
\pmbraise@=\dimen156
)
(/usr/share/texlive/texmf-dist/tex/latex/amsmath/amsopn.sty
Package: amsopn 2022/04/08 v2.04 operator names
)
\inf@bad=\count266
LaTeX Info: Redefining \frac on input line 234.
\uproot@=\count267
\leftroot@=\count268
LaTeX Info: Redefining \overline on input line 399.
LaTeX Info: Redefining \colon on input line 410.
\classnum@=\count269
\DOTSCASE@=\count270
LaTeX Info: Redefining \ldots on input line 496.
LaTeX Info: Redefining \dots on input line 499.
LaTeX Info: Redefining \cdots on input line 620.
\Mathstrutbox@=\box51
\strutbox@=\box52
LaTeX Info: Redefining \big on input line 722.
LaTeX Info: Redefining \Big on input line 723.
LaTeX Info: Redefining \bigg on input line 724.
LaTeX Info: Redefining \Bigg on input line 725.
\big@size=\dimen157
LaTeX Font Info:    Redeclaring font encoding OML on input line 743.
LaTeX Font Info:    Redeclaring font encoding OMS on input line 744.
\macc@depth=\count271
LaTeX Info: Redefining \bmod on input line 905.
LaTeX Info: Redefining \pmod on input line 910.
LaTeX Info: Redefining \smash on input line 940.
LaTeX Info: Redefining \relbar on input line 970.
LaTeX Info: Redefining \Relbar on input line 971.
\c@MaxMatrixCols=\count272
\dotsspace@=\muskip16
\c@parentequation=\count273
\dspbrk@lvl=\count274
\tag@help=\toks18
\row@=\count275
\column@=\count276
\maxfields@=\count277
\andhelp@=\toks19
\eqnshift@=\dimen158
\alignsep@=\dimen159
\tagshift@=\dimen160
\tagwidth@=\dimen161
\totwidth@=\dimen162
\lineht@=\dimen163
\@envbody=\toks20
\multlinegap=\skip53
\multlinetaggap=\skip54
\mathdisplay@stack=\toks21
LaTeX Info: Redefining \[ on input line 2953.
LaTeX Info: Redefining \] on input line 2954.
)
(/usr/share/texlive/texmf-dist/tex/latex/hyperref/hyperref.sty
Package: hyperref 2024-01-20 v7.01h Hypertext links for LaTeX

(/usr/share/texlive/texmf-dist/tex/generic/iftex/iftex.sty
Package: iftex 2022/02/03 v1.0f TeX engine tests
)
(/usr/share/texlive/texmf-dist/tex/latex/graphics/keyval.sty
Package: keyval 2022/05/29 v1.15 key=value parser (DPC)
\KV@toks@=\toks22
)
(/usr/share/texlive/texmf-dist/tex/latex/kvsetkeys/kvsetkeys.sty
Package: kvsetkeys 2022-10-05 v1.19 Key value parser (HO)
)
(/usr/share/texlive/texmf-dist/tex/generic/kvdefinekeys/kvdefinekeys.sty
Package: kvdefinekeys 2019-12-19 v1.6 Define keys (HO)
)
(/usr/share/texlive/texmf-dist/tex/generic/pdfescape/pdfescape.sty
Package: pdfescape 2019/12/09 v1.15 Implements pdfTeX's escape features (HO)

(/usr/share/texlive/texmf-dist/tex/generic/ltxcmds/ltxcmds.sty
Package: ltxcmds 2023-12-04 v1.26 LaTeX kernel commands for general use (HO)
)
(/usr/share/texlive/texmf-dist/tex/generic/pdftexcmds/pdftexcmds.sty
Package: pdftexcmds 2020-06-27 v0.33 Utility functions of pdfTeX for LuaTeX (HO
)

(/usr/share/texlive/texmf-dist/tex/generic/infwarerr/infwarerr.sty
Package: infwarerr 2019/12/03 v1.5 Providing info/warning/error messages (HO)
)
Package pdftexcmds Info: \pdf@primitive is available.
Package pdftexcmds Info: \pdf@ifprimitive is available.
Package pdftexcmds Info: \pdfdraftmode found.
))
(/usr/share/texlive/texmf-dist/tex/latex/hycolor/hycolor.sty
Package: hycolor 2020-01-27 v1.10 Color options for hyperref/bookmark (HO)
)
(/usr/share/texlive/texmf-dist/tex/latex/auxhook/auxhook.sty
Package: auxhook 2019-12-17 v1.6 Hooks for auxiliary files (HO)
)
(/usr/share/texlive/texmf-dist/tex/latex/hyperref/nameref.sty
Package: nameref 2023-11-26 v2.56 Cross-referencing by name of section

(/usr/share/texlive/texmf-dist/tex/latex/refcount/refcount.sty
Package: refcount 2019/12/15 v3.6 Data extraction from label references (HO)
)
(/usr/share/texlive/texmf-dist/tex/generic/gettitlestring/gettitlestring.sty
Package: gettitlestring 2019/12/15 v1.6 Cleanup title references (HO)

(/usr/share/texlive/texmf-dist/tex/latex/kvoptions/kvoptions.sty
Package: kvoptions 2022-06-15 v3.15 Key value format for package options (HO)
))
\c@section@level=\count278
)
(/usr/share/texlive/texmf-dist/tex/latex/etoolbox/etoolbox.sty
Package: etoolbox 2020/10/05 v2.5k e-TeX tools for LaTeX (JAW)
\etb@tempcnta=\count279
)
\@linkdim=\dimen164
\Hy@linkcounter=\count280
\Hy@pagecounter=\count281

(/usr/share/texlive/texmf-dist/tex/latex/hyperref/pd1enc.def
File: pd1enc.def 2024-01-20 v7.01h Hyperref: PDFDocEncoding definition (HO)
Now handling font encoding PD1 ...
... no UTF-8 mapping file for font encoding PD1
)
(/usr/share/texlive/texmf-dist/tex/generic/intcalc/intcalc.sty
Package: intcalc 2019/12/15 v1.3 Expandable calculations with integers (HO)
)
\Hy@SavedSpaceFactor=\count282

(/usr/share/texlive/texmf-dist/tex/latex/hyperref/puenc.def
File: puenc.def 2024-01-20 v7.01h Hyperref: PDF Unicode definition (HO)
Now handling font encoding PU ...
... no UTF-8 mapping file for font encoding PU
)
Package hyperref Info: Hyper figures OFF on input line 4179.
Package hyperref Info: Link nesting OFF on input line 4184.
Package hyperref Info: Hyper index ON on input line 4187.
Package hyperref Info: Plain pages OFF on input line 4194.
Package hyperref Info: Backreferencing OFF on input line 4199.
Package hyperref Info: Implicit mode ON; LaTeX internals redefined.
Package hyperref Info: Bookmarks ON on input line 4446.
\c@Hy@tempcnt=\count283

(/usr/share/texlive/texmf-dist/tex/latex/url/url.sty
\Urlmuskip=\muskip17
Package: url 2013/09/16  ver 3.4  Verb mode for urls, etc.
)
LaTeX Info: Redefining \url on input line 4784.
\XeTeXLinkMargin=\dimen165

(/usr/share/texlive/texmf-dist/tex/generic/bitset/bitset.sty
Package: bitset 2019/12/09 v1.3 Handle bit-vector datatype (HO)

(/usr/share/texlive/texmf-dist/tex/generic/bigintcalc/bigintcalc.sty
Package: bigintcalc 2019/12/15 v1.5 Expandable calculations on big integers (HO
)
))
\Fld@menulength=\count284
\Field@Width=\dimen166
\Fld@charsize=\dimen167
Package hyperref Info: Hyper figures OFF on input line 6063.
Package hyperref Info: Link nesting OFF on input line 6068.
Package hyperref Info: Hyper index ON on input line 6071.
Package hyperref Info: backreferencing OFF on input line 6078.
Package hyperref Info: Link coloring OFF on input line 6083.
Package hyperref Info: Link coloring with OCG OFF on input line 6088.
Package hyperref Info: PDF/A mode OFF on input line 6093.

(/usr/share/texlive/texmf-dist/tex/latex/base/atbegshi-ltx.sty
Package: atbegshi-ltx 2021/01/10 v1.0c Emulation of the original atbegshi
package with kernel methods
)
\Hy@abspage=\count285
\c@Item=\count286
\c@Hfootnote=\count287
)
Package hyperref Info: Driver (autodetected): hpdftex.

(/usr/share/texlive/texmf-dist/tex/latex/hyperref/hpdftex.def
File: hpdftex.def 2024-01-20 v7.01h Hyperref driver for pdfTeX

(/usr/share/texlive/texmf-dist/tex/latex/base/atveryend-ltx.sty
Package: atveryend-ltx 2020/08/19 v1.0a Emulation of the original atveryend pac
kage
with kernel methods
)
\Fld@listcount=\count288
\c@bookmark@seq@number=\count289

(/usr/share/texlive/texmf-dist/tex/latex/rerunfilecheck/rerunfilecheck.sty
Package: rerunfilecheck 2022-07-10 v1.10 Rerun checks for auxiliary files (HO)

(/usr/share/texlive/texmf-dist/tex/generic/uniquecounter/uniquecounter.sty
Package: uniquecounter 2019/12/15 v1.4 Provide unlimited unique counter (HO)
)
Package uniquecounter Info: New unique counter `rerunfilecheck' on input line 2
85.
)
\Hy@SectionHShift=\skip55
)
(/usr/share/texlive/texmf-dist/tex/latex/overpic/overpic.sty
Package: overpic 2024/01/06 2.1 picture overlays (RN)

(/usr/share/texlive/texmf-dist/tex/latex/graphics/graphicx.sty
Package: graphicx 2021/09/16 v1.2d Enhanced LaTeX Graphics (DPC,SPQR)

(/usr/share/texlive/texmf-dist/tex/latex/graphics/graphics.sty
Package: graphics 2022/03/10 v1.4e Standard LaTeX Graphics (DPC,SPQR)

(/usr/share/texlive/texmf-dist/tex/latex/graphics/trig.sty
Package: trig 2021/08/11 v1.11 sin cos tan (DPC)
)
(/usr/share/texlive/texmf-dist/tex/latex/graphics-cfg/graphics.cfg
File: graphics.cfg 2016/06/04 v1.11 sample graphics configuration
)
Package graphics Info: Driver file: pdftex.def on input line 107.

(/usr/share/texlive/texmf-dist/tex/latex/graphics-def/pdftex.def
File: pdftex.def 2022/09/22 v1.2b Graphics/color driver for pdftex
))
\Gin@req@height=\dimen168
\Gin@req@width=\dimen169
)
(/usr/share/texlive/texmf-dist/tex/latex/eepic/epic.sty
Enhancements to Picture Environment. Version 1.2 - Released June 1, 1986
\@@multicnt=\count290
\d@lta=\count291
\@delta=\dimen170
\@@delta=\dimen171
\@gridcnt=\count292
\@joinkind=\count293
\@dotgap=\dimen172
\@ddotgap=\dimen173
\@x@diff=\count294
\@y@diff=\count295
\x@diff=\dimen174
\y@diff=\dimen175
\@dotbox=\box53
\num@segments=\count296
\num@segmentsi=\count297
\@datafile=\read2
)
\OVP@box=\box54
) (/usr/share/texlive/texmf-dist/tex/latex/amsfonts/amssymb.sty
Package: amssymb 2013/01/14 v3.01 AMS font symbols

(/usr/share/texlive/texmf-dist/tex/latex/amsfonts/amsfonts.sty
Package: amsfonts 2013/01/14 v3.01 Basic AMSFonts support
\symAMSa=\mathgroup4
\symAMSb=\mathgroup5
LaTeX Font Info:    Redeclaring math symbol \hbar on input line 98.
LaTeX Font Info:    Overwriting math alphabet `\mathfrak' in version `bold'
(Font)                  U/euf/m/n --> U/euf/b/n on input line 106.
))
(/usr/share/texlive/texmf-dist/tex/latex/caption/subcaption.sty
Package: subcaption 2023/07/28 v1.6b Sub-captions (AR)

(/usr/share/texlive/texmf-dist/tex/latex/caption/caption.sty
Package: caption 2023/08/05 v3.6o Customizing captions (AR)

(/usr/share/texlive/texmf-dist/tex/latex/caption/caption3.sty
Package: caption3 2023/07/31 v2.4d caption3 kernel (AR)
\caption@tempdima=\dimen176
\captionmargin=\dimen177
\caption@leftmargin=\dimen178
\caption@rightmargin=\dimen179
\caption@width=\dimen180
\caption@indent=\dimen181
\caption@parindent=\dimen182
\caption@hangindent=\dimen183
Package caption Info: Standard document class detected.
)
\c@caption@flags=\count298
\c@continuedfloat=\count299
Package caption Info: hyperref package is loaded.
)
Package caption Info: New subtype `subfigure' on input line 238.
\c@subfigure=\count300
Package caption Info: New subtype `subtable' on input line 238.
\c@subtable=\count301
)
(/usr/share/texlive/texmf-dist/tex/latex/tools/tabularx.sty
Package: tabularx 2023/07/08 v2.11c `tabularx' package (DPC)

(/usr/share/texlive/texmf-dist/tex/latex/tools/array.sty
Package: array 2023/10/16 v2.5g Tabular extension package (FMi)
\col@sep=\dimen184
\ar@mcellbox=\box55
\extrarowheight=\dimen185
\NC@list=\toks23
\extratabsurround=\skip56
\backup@length=\skip57
\ar@cellbox=\box56
)
\TX@col@width=\dimen186
\TX@old@table=\dimen187
\TX@old@col=\dimen188
\TX@target=\dimen189
\TX@delta=\dimen190
\TX@cols=\count302
\TX@ftn=\toks24
)
(/usr/share/texlive/texmf-dist/tex/latex/tools/xspace.sty
Package: xspace 2014/10/28 v1.13 Space after command names (DPC,MH)
)
(./my_declarations.tex) (./dlai2025.sty
Package: dlai2025 2020/11/18 v2.0 DLAI Project Style File

(/usr/share/texlive/texmf-dist/tex/latex/psnfss/times.sty
Package: times 2020/03/25 PSNFSS-v9.3 (SPQR) 
) (./fancyhdr.sty
\fancy@headwidth=\skip58
\f@ncyO@elh=\skip59
\f@ncyO@erh=\skip60
\f@ncyO@olh=\skip61
\f@ncyO@orh=\skip62
\f@ncyO@elf=\skip63
\f@ncyO@erf=\skip64
\f@ncyO@olf=\skip65
\f@ncyO@orf=\skip66
)
(/usr/share/texlive/texmf-dist/tex/latex/graphics/color.sty
Package: color 2022/01/06 v1.3d Standard LaTeX Color (DPC)

(/usr/share/texlive/texmf-dist/tex/latex/graphics-cfg/color.cfg
File: color.cfg 2016/01/02 v1.6 sample color configuration
)
Package color Info: Driver file: pdftex.def on input line 149.

(/usr/share/texlive/texmf-dist/tex/latex/graphics/mathcolor.ltx))
(/usr/share/texlive/texmf-dist/tex/latex/algorithms/algorithm.sty
Package: algorithm 2009/08/24 v0.1 Document Style `algorithm' - floating enviro
nment

(/usr/share/texlive/texmf-dist/tex/latex/float/float.sty
Package: float 2001/11/08 v1.3d Float enhancements (AL)
\c@float@type=\count303
\float@exts=\toks25
\float@box=\box57
\@float@everytoks=\toks26
\@floatcapt=\box58
)
(/usr/share/texlive/texmf-dist/tex/latex/base/ifthen.sty
Package: ifthen 2022/04/13 v1.1d Standard LaTeX ifthen package (DPC)
)
\@float@every@algorithm=\toks27
\c@algorithm=\count304
)
(/usr/share/texlive/texmf-dist/tex/latex/algorithms/algorithmic.sty
Package: algorithmic 2009/08/24 v0.1 Document Style `algorithmic'
\c@ALC@unique=\count305
\c@ALC@line=\count306
\c@ALC@rem=\count307
\c@ALC@depth=\count308
\ALC@tlm=\skip67
\algorithmicindent=\skip68
)
(/usr/share/texlive/texmf-dist/tex/latex/natbib/natbib.sty
Package: natbib 2010/09/13 8.31b (PWD, AO)
\bibhang=\skip69
\bibsep=\skip70
LaTeX Info: Redefining \cite on input line 694.
\c@NAT@ctr=\count309
)
(/usr/share/texlive/texmf-dist/tex/latex/eso-pic/eso-pic.sty
Package: eso-pic 2023/05/03 v3.0c eso-pic (RN)
\ESO@tempdima=\dimen191
\ESO@tempdimb=\dimen192
)
(/usr/share/texlive/texmf-dist/tex/latex/forloop/forloop.sty
Package: forloop 2023/05/03 v3.0 For Loops for LaTeX
)
Package hyperref Info: Option `colorlinks' set `true' on input line 107.
\titrun=\box59
\c@@affiliationcounter=\count310
\c@@affilnum=\count311
\newcaptionbox=\box60
\newcaptionboxwid=\dimen193
\dlairulerbox=\box61
\dlairulercount=\count312
\dlairuleroffset=\dimen194
\cv@lineheight=\dimen195
\cv@boxheight=\dimen196
\cv@tmpbox=\box62
\cv@refno=\count313
\cv@tot=\count314
\cv@tmpc@=\count315
\cv@tmpc=\count316
)
LaTeX Font Info:    Trying to load font information for OT1+ptm on input line 2
1.

(/usr/share/texlive/texmf-dist/tex/latex/psnfss/ot1ptm.fd
File: ot1ptm.fd 2001/06/04 font definitions for OT1/ptm.
)
(/usr/share/texlive/texmf-dist/tex/latex/l3backend/l3backend-pdftex.def
File: l3backend-pdftex.def 2024-01-04 L3 backend support: PDF output (pdfTeX)
\l__color_backend_stack_int=\count317
\l__pdf_internal_box=\box63
)
(./main.aux

LaTeX Warning: Label `eq:wmsa_out' multiply defined.


LaTeX Warning: Label `eq:zs_inference' multiply defined.

)
\openout1 = `main.aux'.

LaTeX Font Info:    Checking defaults for OML/cmm/m/it on input line 21.
LaTeX Font Info:    ... okay on input line 21.
LaTeX Font Info:    Checking defaults for OMS/cmsy/m/n on input line 21.
LaTeX Font Info:    ... okay on input line 21.
LaTeX Font Info:    Checking defaults for OT1/cmr/m/n on input line 21.
LaTeX Font Info:    ... okay on input line 21.
LaTeX Font Info:    Checking defaults for T1/cmr/m/n on input line 21.
LaTeX Font Info:    ... okay on input line 21.
LaTeX Font Info:    Checking defaults for TS1/cmr/m/n on input line 21.
LaTeX Font Info:    ... okay on input line 21.
LaTeX Font Info:    Checking defaults for OMX/cmex/m/n on input line 21.
LaTeX Font Info:    ... okay on input line 21.
LaTeX Font Info:    Checking defaults for U/cmr/m/n on input line 21.
LaTeX Font Info:    ... okay on input line 21.
LaTeX Font Info:    Checking defaults for PD1/pdf/m/n on input line 21.
LaTeX Font Info:    ... okay on input line 21.
LaTeX Font Info:    Checking defaults for PU/pdf/m/n on input line 21.
LaTeX Font Info:    ... okay on input line 21.
Package hyperref Info: Link coloring ON on input line 21.
 (./main.out) (./main.out)
\@outlinefile=\write3
\openout3 = `main.out'.


(/usr/share/texlive/texmf-dist/tex/context/base/mkii/supp-pdf.mkii
[Loading MPS to PDF converter (version 2006.09.02).]
\scratchcounter=\count318
\scratchdimen=\dimen197
\scratchbox=\box64
\nofMPsegments=\count319
\nofMParguments=\count320
\everyMPshowfont=\toks28
\MPscratchCnt=\count321
\MPscratchDim=\dimen198
\MPnumerator=\count322
\makeMPintoPDFobject=\count323
\everyMPtoPDFconversion=\toks29
) (/usr/share/texlive/texmf-dist/tex/latex/epstopdf-pkg/epstopdf-base.sty
Package: epstopdf-base 2020-01-24 v2.11 Base part for package epstopdf

(/usr/share/texlive/texmf-dist/tex/latex/grfext/grfext.sty
Package: grfext 2019/12/03 v1.3 Manage graphics extensions (HO)
)
Package epstopdf-base Info: Redefining graphics rule for `.eps' on input line 4
85.
Package grfext Info: Graphics extension search list:
(grfext)             [.pdf,.png,.jpg,.mps,.jpeg,.jbig2,.jb2,.PDF,.PNG,.JPG,.JPE
G,.JBIG2,.JB2,.eps]
(grfext)             \AppendGraphicsExtensions on input line 504.

(/usr/share/texlive/texmf-dist/tex/latex/latexconfig/epstopdf-sys.cfg
File: epstopdf-sys.cfg 2010/07/13 v1.3 Configuration of (r)epstopdf for TeX Liv
e
))
Package caption Info: Begin \AtBeginDocument code.
Package caption Info: float package is loaded.
Package caption Info: End \AtBeginDocument code.
LaTeX Font Info:    Trying to load font information for U+msa on input line 40.


(/usr/share/texlive/texmf-dist/tex/latex/amsfonts/umsa.fd
File: umsa.fd 2013/01/14 v3.01 AMS symbols A
)
LaTeX Font Info:    Trying to load font information for U+msb on input line 40.


(/usr/share/texlive/texmf-dist/tex/latex/amsfonts/umsb.fd
File: umsb.fd 2013/01/14 v3.01 AMS symbols B
)

Package hyperref Warning: Ignoring empty anchor on input line 40.

LaTeX Font Info:    Trying to load font information for OML+ptm on input line 4
0.
(/usr/share/texlive/texmf-dist/tex/latex/psnfss/omlptm.fd
File: omlptm.fd 
)
LaTeX Font Info:    Font shape `OML/ptm/m/n' in size <9> not available
(Font)              Font shape `OML/cmm/m/it' tried instead on input line 40.

Underfull \hbox (badness 10000) in paragraph at lines 40--40
[][][]|  \OT1/ptm/m/n/9 Email: Lorenzo Ar-cioni \OML/cmm/m/it/9 <\OT1/ptm/m/n/9
 ar-
 []


Underfull \hbox (badness 4899) in paragraph at lines 43--52
[]\OT1/ptm/m/n/10 Contrastive audio-language mod-els such as
 []


Underfull \hbox (badness 1371) in paragraph at lines 43--52
\OT1/ptm/m/n/10 prin-ci-pal com-po-nents of each at-ten-tion head
 []

(./sections/Introduction.tex) (./sections/Related Works.tex
Underfull \hbox (badness 7116) in paragraph at lines 4--9
\OT1/ptm/m/n/10 ual frame-work for-mal-izes resid-ual streams through
 []


Underfull \hbox (badness 1132) in paragraph at lines 4--9
\OT1/ptm/m/n/10 op-er-ate within con-strained, low-dimensional sub-spaces
 []

) (./sections/Method.tex
Underfull \hbox (badness 1092) in paragraph at lines 22--1
\OT1/ptm/m/n/10 re-sen-ta-tions, de-grad-ing cosine-similarity-based com-par-
 []

[1{/var/lib/texmf/fonts/map/pdftex/updmap/pdftex.map}{/usr/share/texlive/texmf-
dist/fonts/enc/dvips/base/8r.enc}



]
LaTeX Font Info:    Trying to load font information for OT1+pcr on input line 1
0.

(/usr/share/texlive/texmf-dist/tex/latex/psnfss/ot1pcr.fd
File: ot1pcr.fd 2001/06/04 font definitions for OT1/pcr.
)
LaTeX Font Info:    Trying to load font information for OMS+pcr on input line 1
0.

(/usr/share/texlive/texmf-dist/tex/latex/psnfss/omspcr.fd
File: omspcr.fd 
)
LaTeX Font Info:    Font shape `OMS/pcr/m/n' in size <10> not available
(Font)              Font shape `OMS/cmsy/m/n' tried instead on input line 10.

Underfull \hbox (badness 3954) in paragraph at lines 16--19
\OT1/ptm/m/n/10 CLAP model by learn-ing a per-component spec-tral
 []


Overfull \hbox (12.08589pt too wide) detected at line 54
[][][][][]  [] \OT1/cmr/m/n/10 = [] [][]  []([][]) [][]\OML/cmm/m/it/10 :
 []

) (./sections/Results.tex
Underfull \hbox (badness 1205) in paragraph at lines 17--30
\OT1/ptm/m/n/10 base-line on all bench-marks, with gains rang-ing from
 []

<./images/plot_spider_accuracy.png, id=87, 489.83pt x 474.9745pt>
File: ./images/plot_spider_accuracy.png Graphic file (type png)
<use ./images/plot_spider_accuracy.png>
Package pdftex.def Info: ./images/plot_spider_accuracy.png  used on input line 
33.
(pdftex.def)             Requested size: 199.64731pt x 193.58844pt.
) (./main.bbl [2 <./images/plot_spider_accuracy.png>]
Underfull \hbox (badness 1038) in paragraph at lines 47--54
\OT1/ptm/m/n/10 Es-ti-mat-ing the in-trin-sic di-men-sion of datasets by a
 []


Underfull \hbox (badness 1852) in paragraph at lines 47--54
\OT1/ptm/m/n/10 min-i-mal neigh-bor-hood in-for-ma-tion.  \OT1/ptm/m/it/10 Sci-
en-tific Re-
 []


Underfull \hbox (badness 3536) in paragraph at lines 75--80
[]\OT1/ptm/m/n/10 Juan J. Bosch, Jordi Janer, F. F. and Her-rera, P.
 []


Underfull \hbox (badness 1796) in paragraph at lines 75--80
\OT1/ptm/m/n/10 A com-par-i-son of sound seg-re-ga-tion tech-niques for
 []


Underfull \hbox (badness 2460) in paragraph at lines 75--80
\OT1/ptm/m/n/10 pre-dom-i-nant in-stru-ment recog-ni-tion in mu-si-cal au-
 []


Underfull \hbox (badness 2726) in paragraph at lines 75--80
\OT1/pcr/m/n/10 event / papers / 559 _ ISMIR _ 2012 . pdf$[][]\OT1/ptm/m/n/10 .
  [Ac-
 []


Underfull \hbox (badness 10000) in paragraph at lines 82--88
\OT1/pcr/m/n/10 cc / paper _ files / paper / 2004 / file /
 []


Overfull \hbox (9.62251pt too wide) in paragraph at lines 82--88
\OT1/pcr/m/n/10 74934548253bcab8490ebd74afed7031-[]Paper .
 []


Underfull \hbox (badness 1005) in paragraph at lines 122--129
\OT1/ptm/m/n/10 Clas-si-fi-ca-tion.  In \OT1/ptm/m/it/10 Pro-ceed-ings of the 2
3rd An-nual
 []


Underfull \hbox (badness 1342) in paragraph at lines 132--136
[]\OT1/ptm/m/n/10 Radford, A., Wu, J., Child, R., Luan, D., Amodei,
 []


Underfull \hbox (badness 7362) in paragraph at lines 132--136
\OT1/ptm/m/n/10 D., and Sutskever, I.  Lan-guage mod-els are
 []


Underfull \hbox (badness 5533) in paragraph at lines 132--136
\OT1/ptm/m/n/10 un-su-per-vised mul-ti-task learn-ers.  Ope-nAI Blog,
 []

[3]) (./sections/Appendix.tex (./sections/appendices/A.tex
LaTeX Font Info:    Trying to load font information for TS1+ptm on input line 1
0.

(/usr/share/texlive/texmf-dist/tex/latex/psnfss/ts1ptm.fd
File: ts1ptm.fd 2001/06/04 font definitions for TS1/ptm.
)
LaTeX Font Info:    Trying to load font information for OMS+ptm on input line 3
6.

(/usr/share/texlive/texmf-dist/tex/latex/psnfss/omsptm.fd
File: omsptm.fd 
)
LaTeX Font Info:    Font shape `OMS/ptm/m/it' in size <10> not available
(Font)              Font shape `OMS/cmsy/m/n' tried instead on input line 36.

Underfull \hbox (badness 10000) in paragraph at lines 24--43
[]\OT1/ptm/m/n/10 CLAP (Con-trastive Language--Audio Pre-train-
 []


Underfull \hbox (badness 1817) in paragraph at lines 24--43
\OT1/ptm/m/n/10 ing) ([][]Elizalde et al.[][], [][]2022[][]) is a dual-encoder 
model
 []


LaTeX Warning: `h' float specifier changed to `ht'.

<images/htsat_architecture.png, id=205, 4199.69pt x 1088.065pt>
File: images/htsat_architecture.png Graphic file (type png)
<use images/htsat_architecture.png>
Package pdftex.def Info: images/htsat_architecture.png  used on input line 96.
(pdftex.def)             Requested size: 463.42987pt x 120.05276pt.
[4]

LaTeX Warning: `h' float specifier changed to `ht'.


Overfull \hbox (11.44519pt too wide) detected at line 207
[][][]\OT1/cmr/bx/n/10 H[] \OT1/cmr/m/n/10 = []  [] \OT1/cmr/bx/n/10 V[]  \OMS/
cmsy/m/n/10 2  \U/msb/m/n/10 R[]\OML/cmm/m/it/10 ;
 []

[5 <./images/htsat_architecture.png>]
Overfull \hbox (9.7069pt too wide) detected at line 271
[][][][]\OT1/cmr/m/n/10 (\OT1/cmr/bx/n/10 Z[]\OT1/cmr/m/n/10 ) \OML/cmm/m/it/10
 W[]  []  \OT1/cmr/bx/n/10 Q\OML/cmm/m/it/10 ;  \OT1/cmr/bx/n/10 K\OML/cmm/m/it
/10 ;  \OT1/cmr/bx/n/10 V  \OMS/cmsy/m/n/10 2  \U/msb/m/n/10 R[]\OML/cmm/m/it/1
0 :
 []


Overfull \hbox (9.77856pt too wide) detected at line 286
[][][]\OT1/cmr/bx/n/10 H[] \OT1/cmr/m/n/10 = []  [] \OT1/cmr/bx/n/10 V[]  \OMS/
cmsy/m/n/10 2  \U/msb/m/n/10 R[]\OML/cmm/m/it/10 ;
 []


Underfull \hbox (badness 2065) in paragraph at lines 295--299
\OT1/ptm/m/n/10 through the block-specific out-put pro-jec-tion $\OML/cmm/m/it/
10 W[] \OMS/cmsy/m/n/10 2
 []

[6]

LaTeX Warning: Reference `eq:aggregation' on page 7 undefined on input line 430
.


LaTeX Warning: Reference `eq:coherence_z' on page 7 undefined on input line 430
.


LaTeX Warning: Float too large for page by 42.75879pt on input line 431.


LaTeX Warning: `h' float specifier changed to `ht'.

) (./sections/appendices/B.tex
Underfull \hbox (badness 1348) in paragraph at lines 20--20
[][][]\OT1/ptm/m/n/9 Mean pool-ing was adopted pri-mar-ily for com-pu-ta-tional

 []

./sections/appendices/B.tex:83: Double subscript.
l.83     d_{\mathrm{PCA}}_
                          {\alpha}
I treat `x_1_2' essentially like `x_1{}_2'.

[7]
<./images/htsat_ESC50_block_metrics.png, id=330, 342.5598pt x 423.5022pt>
File: ./images/htsat_ESC50_block_metrics.png Graphic file (type png)
<use ./images/htsat_ESC50_block_metrics.png>
Package pdftex.def Info: ./images/htsat_ESC50_block_metrics.png  used on input 
line 152.
(pdftex.def)             Requested size: 243.91124pt x 301.55457pt.

Overfull \hbox (9.03374pt too wide) in paragraph at lines 152--157
 [][] 
 []

[8 <./images/htsat_ESC50_block_metrics.png>]
<./images/panel_A_pca_components.png, id=349, 433.62pt x 289.08pt>
File: ./images/panel_A_pca_components.png Graphic file (type png)
<use ./images/panel_A_pca_components.png>
Package pdftex.def Info: ./images/panel_A_pca_components.png  used on input lin
e 199.
(pdftex.def)             Requested size: 160.98232pt x 107.31961pt.
<./images/panel_B_twonn.png, id=350, 433.62pt x 289.08pt>
File: ./images/panel_B_twonn.png Graphic file (type png)
<use ./images/panel_B_twonn.png>
Package pdftex.def Info: ./images/panel_B_twonn.png  used on input line 204.
(pdftex.def)             Requested size: 160.98232pt x 107.31961pt.
<./images/panel_C_mle.png, id=351, 433.62pt x 289.08pt>
File: ./images/panel_C_mle.png Graphic file (type png)
<use ./images/panel_C_mle.png>
Package pdftex.def Info: ./images/panel_C_mle.png  used on input line 209.
(pdftex.def)             Requested size: 160.98232pt x 107.31961pt.
<./images/panel_D_participation_ratio.png, id=352, 433.62pt x 289.08pt>
File: ./images/panel_D_participation_ratio.png Graphic file (type png)
<use ./images/panel_D_participation_ratio.png>
Package pdftex.def Info: ./images/panel_D_participation_ratio.png  used on inpu
t line 217.
(pdftex.def)             Requested size: 160.98232pt x 107.31961pt.
<./images/panel_E_effective_rank.png, id=353, 433.62pt x 289.08pt>
File: ./images/panel_E_effective_rank.png Graphic file (type png)
<use ./images/panel_E_effective_rank.png>
Package pdftex.def Info: ./images/panel_E_effective_rank.png  used on input lin
e 222.
(pdftex.def)             Requested size: 160.98232pt x 107.31961pt.
<./images/panel_F_pc1_dominance.png, id=354, 433.62pt x 289.08pt>
File: ./images/panel_F_pc1_dominance.png Graphic file (type png)
<use ./images/panel_F_pc1_dominance.png>
Package pdftex.def Info: ./images/panel_F_pc1_dominance.png  used on input line
 227.
(pdftex.def)             Requested size: 160.98232pt x 107.31961pt.
 [9] [10 <./images/panel_A_pca_components.png> <./images/panel_B_twonn.png> <./
images/panel_C_mle.png> <./images/panel_D_participation_ratio.png> <./images/pa
nel_E_effective_rank.png> <./images/panel_F_pc1_dominance.png>]
Underfull \vbox (badness 6893) has occurred while \output is active []

<./images/head_semantic_coherence.png, id=400, 756.426pt x 321.1197pt>
File: ./images/head_semantic_coherence.png Graphic file (type png)
<use ./images/head_semantic_coherence.png>
Package pdftex.def Info: ./images/head_semantic_coherence.png  used on input li
ne 453.
(pdftex.def)             Requested size: 487.8225pt x 207.09366pt.
)
(./sections/appendices/C.tex [11]
Underfull \hbox (badness 10000) in paragraph at lines 8--17
[]\OT1/ptm/m/n/10 This sec-tion de-scribes the full im-ple-men-ta-tion of
 []


Underfull \hbox (badness 2221) in paragraph at lines 8--17
\OT1/ptm/m/n/10 ResiDual$[]$ (RD$[]$) in-te-grated into the frozen HTS-AT
 []


Underfull \hbox (badness 1448) in paragraph at lines 8--17
\OT1/ptm/m/n/10 forward-pass reweight-ing ap-plied at in-fer-ence time is
 []


Underfull \vbox (badness 10000) has occurred while \output is active []


Underfull \hbox (badness 10000) in paragraph at lines 53--64
[]\OT1/ptm/m/n/10 Figure [][]6[][] sum-marises the full life-cy-cle of a
 []


Underfull \hbox (badness 6741) in paragraph at lines 53--64
\OT1/pcr/m/n/10 SpectralReweightingLayer\OT1/ptm/m/n/10 : the PCA fit-ting
 []

<images/sw-mha.spectral.drawio.png, id=431, 6187.115pt x 2951.025pt>
File: images/sw-mha.spectral.drawio.png Graphic file (type png)
<use images/sw-mha.spectral.drawio.png>
Package pdftex.def Info: images/sw-mha.spectral.drawio.png  used on input line 
67.
(pdftex.def)             Requested size: 487.8225pt x 232.66463pt.

LaTeX Warning: `h' float specifier changed to `ht'.


Underfull \vbox (badness 10000) has occurred while \output is active []

 [12 <./images/head_semantic_coherence.png>]
Underfull \vbox (badness 10000) has occurred while \output is active []

<images/sw-mha.window.drawio.png, id=466, 5287.755pt x 2465.21pt>
File: images/sw-mha.window.drawio.png Graphic file (type png)
<use images/sw-mha.window.drawio.png>
Package pdftex.def Info: images/sw-mha.window.drawio.png  used on input line 14
1.
(pdftex.def)             Requested size: 439.03726pt x 204.66881pt.


LaTeX Warning: `h' float specifier changed to `ht'.


Underfull \vbox (badness 10000) has occurred while \output is active []

 [13 <./images/sw-mha.spectral.drawio.png>]
Overfull \hbox (4.53964pt too wide) detected at line 212
[]
 []

[14 <./images/sw-mha.window.drawio.png>]
Underfull \hbox (badness 10000) in paragraph at lines 284--291
[]\OT1/ptm/m/n/10 All model pa-ram-e-ters ex-cept the weight vec-tors
 []


Underfull \hbox (badness 10000) in paragraph at lines 319--327
[]\OT1/ptm/m/n/10 The weight vec-tors $\OMS/cmsy/m/n/10 f[][]g$ \OT1/ptm/m/n/10
 are up-dated with
 []

[15]) (./sections/appendices/D.tex
<images/sw-mha.folds.drawio.png, id=526, 3059.43pt x 1409.265pt>
File: images/sw-mha.folds.drawio.png Graphic file (type png)
<use images/sw-mha.folds.drawio.png>
Package pdftex.def Info: images/sw-mha.folds.drawio.png  used on input line 58.

(pdftex.def)             Requested size: 469.755pt x 216.36948pt.


LaTeX Warning: `h' float specifier changed to `ht'.


Package natbib Warning: Citation `loshchilov2019decoupled' on page 16 undefined
 on input line 88.


LaTeX Warning: Reference `tab:residual_hparams' on page 16 undefined on input l
ine 88.


Underfull \vbox (badness 1132) has occurred while \output is active []

 [16]
Underfull \vbox (badness 10000) has occurred while \output is active []


Underfull \vbox (badness 10000) has occurred while \output is active []

 [17 <./images/sw-mha.folds.drawio.png>]
<./images/plot_bar_accuracy.png, id=565, 713.4655pt x 351.714pt>
File: ./images/plot_bar_accuracy.png Graphic file (type png)
<use ./images/plot_bar_accuracy.png>
Package pdftex.def Info: ./images/plot_bar_accuracy.png  used on input line 275
.
(pdftex.def)             Requested size: 400.018pt x 197.2pt.
<./images/plot_folds_accuracy.png, id=568, 1291.6255pt x 422.7795pt>
File: ./images/plot_folds_accuracy.png Graphic file (type png)
<use ./images/plot_folds_accuracy.png>
Package pdftex.def Info: ./images/plot_folds_accuracy.png  used on input line 2
90.
(pdftex.def)             Requested size: 487.8225pt x 159.6773pt.

Underfull \vbox (badness 10000) has occurred while \output is active []

<./images/plot_lambda_history.png, id=572, 1290.8225pt x 380.2205pt>
File: ./images/plot_lambda_history.png Graphic file (type png)
<use ./images/plot_lambda_history.png>
Package pdftex.def Info: ./images/plot_lambda_history.png  used on input line 3
57.
(pdftex.def)             Requested size: 487.8225pt x 143.69044pt.
))

Package natbib Warning: There were undefined citations.

[18] [19 <./images/plot_bar_accuracy.png> <./images/plot_folds_accuracy.png>]
[20] [21 <./images/plot_lambda_history.png>] (./main.aux)
 ***********
LaTeX2e <2023-11-01> patch level 1
L3 programming layer <2024-01-22>
 ***********


LaTeX Warning: There were undefined references.


LaTeX Warning: There were multiply-defined labels.

Package rerunfilecheck Info: File `main.out' has not changed.
(rerunfilecheck)             Checksum: D41D8CD98F00B204E9800998ECF8427E;0.
 ) 
Here is how much of TeX's memory you used:
 13345 strings out of 476098
 211706 string characters out of 5793537
 1981975 words of memory out of 5000000
 34914 multiletter control sequences out of 15000+600000
 590662 words of font info for 106 fonts, out of 8000000 for 9000
 59 hyphenation exceptions out of 8191
 75i,14n,79p,1172b,614s stack positions out of 10000i,1000n,20000p,200000b,200000s
</usr/share/texlive/texmf-dist/fonts/type1/public/amsfonts/cm/cmbx10.pfb></us
r/share/texlive/texmf-dist/fonts/type1/public/amsfonts/cm/cmbx7.pfb></usr/share
/texlive/texmf-dist/fonts/type1/public/amsfonts/cm/cmbx9.pfb></usr/share/texliv
e/texmf-dist/fonts/type1/public/amsfonts/cm/cmex10.pfb></usr/share/texlive/texm
f-dist/fonts/type1/public/amsfonts/cmextra/cmex9.pfb></usr/share/texlive/texmf-
dist/fonts/type1/public/amsfonts/cm/cmmi10.pfb></usr/share/texlive/texmf-dist/f
onts/type1/public/amsfonts/cm/cmmi5.pfb></usr/share/texlive/texmf-dist/fonts/ty
pe1/public/amsfonts/cm/cmmi6.pfb></usr/share/texlive/texmf-dist/fonts/type1/pub
lic/amsfonts/cm/cmmi7.pfb></usr/share/texlive/texmf-dist/fonts/type1/public/ams
fonts/cm/cmmi9.pfb></usr/share/texlive/texmf-dist/fonts/type1/public/amsfonts/c
m/cmmib10.pfb></usr/share/texlive/texmf-dist/fonts/type1/public/amsfonts/cmextr
a/cmmib9.pfb></usr/share/texlive/texmf-dist/fonts/type1/public/amsfonts/cm/cmr1
0.pfb></usr/share/texlive/texmf-dist/fonts/type1/public/amsfonts/cm/cmr5.pfb></
usr/share/texlive/texmf-dist/fonts/type1/public/amsfonts/cm/cmr6.pfb></usr/shar
e/texlive/texmf-dist/fonts/type1/public/amsfonts/cm/cmr7.pfb></usr/share/texliv
e/texmf-dist/fonts/type1/public/amsfonts/cm/cmr9.pfb></usr/share/texlive/texmf-
dist/fonts/type1/public/amsfonts/cm/cmsy10.pfb></usr/share/texlive/texmf-dist/f
onts/type1/public/amsfonts/cm/cmsy5.pfb></usr/share/texlive/texmf-dist/fonts/ty
pe1/public/amsfonts/cm/cmsy6.pfb></usr/share/texlive/texmf-dist/fonts/type1/pub
lic/amsfonts/cm/cmsy7.pfb></usr/share/texlive/texmf-dist/fonts/type1/public/ams
fonts/cm/cmsy9.pfb></usr/share/texlive/texmf-dist/fonts/type1/public/amsfonts/s
ymbols/msbm10.pfb></usr/share/texlive/texmf-dist/fonts/type1/urw/courier/ucrr8a
.pfb></usr/share/texlive/texmf-dist/fonts/type1/urw/times/utmb8a.pfb></usr/shar
e/texlive/texmf-dist/fonts/type1/urw/times/utmr8a.pfb></usr/share/texlive/texmf
-dist/fonts/type1/urw/times/utmr8a.pfb></usr/share/texlive/texmf-dist/fonts/typ
e1/urw/times/utmri8a.pfb>
Output written on main.pdf (21 pages, 3745092 bytes).
PDF statistics:
 752 PDF objects out of 1000 (max. 8388607)
 600 compressed objects within 6 object streams
 175 named destinations out of 1000 (max. 500000)
 81 words of extra memory for PDF output out of 10000 (max. 10000000)

